2019-09-10 09:36:27.477  INFO 17492 --- [restartedMain] com.example.SpringBoot.Application       : Starting Application on DESKTOP-8GK3MDA with PID 17492 (started by zilia in E:\final project\backend\SpringBoot)
2019-09-10 09:36:27.482  INFO 17492 --- [restartedMain] com.example.SpringBoot.Application       : No active profile set, falling back to default profiles: default
2019-09-10 09:36:27.513  INFO 17492 --- [restartedMain] .e.DevToolsPropertyDefaultsPostProcessor : Devtools property defaults active! Set 'spring.devtools.add-properties' to 'false' to disable
2019-09-10 09:36:27.513  INFO 17492 --- [restartedMain] .e.DevToolsPropertyDefaultsPostProcessor : For additional web related logging consider setting the 'logging.level.web' property to 'DEBUG'
2019-09-10 09:36:28.269  INFO 17492 --- [restartedMain] .s.d.r.c.RepositoryConfigurationDelegate : Bootstrapping Spring Data repositories in DEFAULT mode.
2019-09-10 09:36:28.348  INFO 17492 --- [restartedMain] .s.d.r.c.RepositoryConfigurationDelegate : Finished Spring Data repository scanning in 70ms. Found 6 repository interfaces.
2019-09-10 09:36:28.724  INFO 17492 --- [restartedMain] trationDelegate$BeanPostProcessorChecker : Bean 'org.springframework.transaction.annotation.ProxyTransactionManagementConfiguration' of type [org.springframework.transaction.annotation.ProxyTransactionManagementConfiguration$$EnhancerBySpringCGLIB$$6043d5c2] is not eligible for getting processed by all BeanPostProcessors (for example: not eligible for auto-proxying)
2019-09-10 09:36:28.754  INFO 17492 --- [restartedMain] trationDelegate$BeanPostProcessorChecker : Bean 'org.springframework.security.config.annotation.configuration.ObjectPostProcessorConfiguration' of type [org.springframework.security.config.annotation.configuration.ObjectPostProcessorConfiguration$$EnhancerBySpringCGLIB$$f8f19dfc] is not eligible for getting processed by all BeanPostProcessors (for example: not eligible for auto-proxying)
2019-09-10 09:36:28.758  INFO 17492 --- [restartedMain] trationDelegate$BeanPostProcessorChecker : Bean 'objectPostProcessor' of type [org.springframework.security.config.annotation.configuration.AutowireBeanFactoryObjectPostProcessor] is not eligible for getting processed by all BeanPostProcessors (for example: not eligible for auto-proxying)
2019-09-10 09:36:28.759  INFO 17492 --- [restartedMain] trationDelegate$BeanPostProcessorChecker : Bean 'org.springframework.security.access.expression.method.DefaultMethodSecurityExpressionHandler@74bd717b' of type [org.springframework.security.access.expression.method.DefaultMethodSecurityExpressionHandler] is not eligible for getting processed by all BeanPostProcessors (for example: not eligible for auto-proxying)
2019-09-10 09:36:28.760  INFO 17492 --- [restartedMain] trationDelegate$BeanPostProcessorChecker : Bean 'org.springframework.security.config.annotation.method.configuration.GlobalMethodSecurityConfiguration' of type [org.springframework.security.config.annotation.method.configuration.GlobalMethodSecurityConfiguration$$EnhancerBySpringCGLIB$$1dc640ae] is not eligible for getting processed by all BeanPostProcessors (for example: not eligible for auto-proxying)
2019-09-10 09:36:28.763  INFO 17492 --- [restartedMain] trationDelegate$BeanPostProcessorChecker : Bean 'methodSecurityMetadataSource' of type [org.springframework.security.access.method.DelegatingMethodSecurityMetadataSource] is not eligible for getting processed by all BeanPostProcessors (for example: not eligible for auto-proxying)
2019-09-10 09:36:29.193  INFO 17492 --- [restartedMain] o.s.b.w.embedded.tomcat.TomcatWebServer  : Tomcat initialized with port(s): 8080 (http)
2019-09-10 09:36:29.214  INFO 17492 --- [restartedMain] o.apache.catalina.core.StandardService   : Starting service [Tomcat]
2019-09-10 09:36:29.214  INFO 17492 --- [restartedMain] org.apache.catalina.core.StandardEngine  : Starting Servlet engine: [Apache Tomcat/9.0.19]
2019-09-10 09:36:29.310  INFO 17492 --- [restartedMain] o.a.c.c.C.[Tomcat].[localhost].[/]       : Initializing Spring embedded WebApplicationContext
2019-09-10 09:36:29.311  INFO 17492 --- [restartedMain] o.s.web.context.ContextLoader            : Root WebApplicationContext: initialization completed in 1798 ms
2019-09-10 09:36:29.494  INFO 17492 --- [restartedMain] com.zaxxer.hikari.HikariDataSource       : HikariPool-1 - Starting...
2019-09-10 09:36:29.922  INFO 17492 --- [restartedMain] com.zaxxer.hikari.pool.PoolBase          : HikariPool-1 - Driver does not support get/set network timeout for connections. (oracle.jdbc.driver.T4CConnection.getNetworkTimeout()I)
2019-09-10 09:36:29.930  INFO 17492 --- [restartedMain] com.zaxxer.hikari.HikariDataSource       : HikariPool-1 - Start completed.
2019-09-10 09:36:29.988  INFO 17492 --- [restartedMain] o.hibernate.jpa.internal.util.LogHelper  : HHH000204: Processing PersistenceUnitInfo [
	name: default
	...]
2019-09-10 09:36:30.042  INFO 17492 --- [restartedMain] org.hibernate.Version                    : HHH000412: Hibernate Core {5.3.10.Final}
2019-09-10 09:36:30.043  INFO 17492 --- [restartedMain] org.hibernate.cfg.Environment            : HHH000206: hibernate.properties not found
2019-09-10 09:36:30.170  INFO 17492 --- [restartedMain] o.hibernate.annotations.common.Version   : HCANN000001: Hibernate Commons Annotations {5.0.4.Final}
2019-09-10 09:36:30.283  INFO 17492 --- [restartedMain] org.hibernate.dialect.Dialect            : HHH000400: Using dialect: org.hibernate.dialect.Oracle10gDialect
2019-09-10 09:36:31.080  INFO 17492 --- [restartedMain] j.LocalContainerEntityManagerFactoryBean : Initialized JPA EntityManagerFactory for persistence unit 'default'
2019-09-10 09:36:31.956  INFO 17492 --- [restartedMain] o.s.s.web.DefaultSecurityFilterChain     : Creating filter chain: any request, [org.springframework.security.web.context.request.async.WebAsyncManagerIntegrationFilter@17b3d5f0, org.springframework.security.web.context.SecurityContextPersistenceFilter@73f5e141, org.springframework.security.web.header.HeaderWriterFilter@b162dfd, org.springframework.web.filter.CorsFilter@719b790e, org.springframework.security.web.authentication.logout.LogoutFilter@2d998915, org.springframework.security.web.authentication.UsernamePasswordAuthenticationFilter@1a06cda5, org.springframework.security.web.authentication.ui.DefaultLoginPageGeneratingFilter@d862bfe, org.springframework.security.web.authentication.ui.DefaultLogoutPageGeneratingFilter@b6060bf, org.springframework.security.web.savedrequest.RequestCacheAwareFilter@2ff82c14, org.springframework.security.web.servletapi.SecurityContextHolderAwareRequestFilter@1e518a88, org.springframework.security.web.authentication.rememberme.RememberMeAuthenticationFilter@199ca386, org.springframework.security.web.authentication.AnonymousAuthenticationFilter@4a4cbd2f, org.springframework.security.web.session.SessionManagementFilter@69c043a3, org.springframework.security.web.access.ExceptionTranslationFilter@1ec812c2, org.springframework.security.web.access.intercept.FilterSecurityInterceptor@638af3bf]
2019-09-10 09:36:32.095  INFO 17492 --- [restartedMain] o.s.s.concurrent.ThreadPoolTaskExecutor  : Initializing ExecutorService 'applicationTaskExecutor'
2019-09-10 09:36:32.140  WARN 17492 --- [restartedMain] aWebConfiguration$JpaWebMvcConfiguration : spring.jpa.open-in-view is enabled by default. Therefore, database queries may be performed during view rendering. Explicitly configure spring.jpa.open-in-view to disable this warning
2019-09-10 09:36:32.408  INFO 17492 --- [restartedMain] o.s.b.d.a.OptionalLiveReloadServer       : LiveReload server is running on port 35729
2019-09-10 09:36:32.466  INFO 17492 --- [restartedMain] o.s.b.w.embedded.tomcat.TomcatWebServer  : Tomcat started on port(s): 8080 (http) with context path ''
2019-09-10 09:36:32.468  INFO 17492 --- [restartedMain] com.example.SpringBoot.Application       : Started Application in 5.26 seconds (JVM running for 6.012)
2019-09-10 11:06:26.262  INFO 17492 --- [http-nio-8080-exec-1] o.a.c.c.C.[Tomcat].[localhost].[/]       : Initializing Spring DispatcherServlet 'dispatcherServlet'
2019-09-10 11:06:26.262  INFO 17492 --- [http-nio-8080-exec-1] o.s.web.servlet.DispatcherServlet        : Initializing Servlet 'dispatcherServlet'
2019-09-10 11:06:26.275  INFO 17492 --- [http-nio-8080-exec-1] o.s.web.servlet.DispatcherServlet        : Completed initialization in 13 ms
2019-09-10 11:06:26.351  INFO 17492 --- [http-nio-8080-exec-1] o.h.h.i.QueryTranslatorFactoryInitiator  : HHH000397: Using ASTQueryTranslatorFactory
2019-09-10 13:17:05.829  WARN 17492 --- [HikariPool-1 housekeeper] com.zaxxer.hikari.pool.HikariPool        : HikariPool-1 - Thread starvation or clock leap detected (housekeeper delta=1h3s793ms750µs400ns).
2019-09-10 18:45:57.095  WARN 17492 --- [HikariPool-1 housekeeper] com.zaxxer.hikari.pool.HikariPool        : HikariPool-1 - Thread starvation or clock leap detected (housekeeper delta=1h16m51s986ms849µs800ns).
